# JRE version: OpenJDK Runtime Environment (7.0_95) (build 1.7.0_95-b00)
# Java VM: OpenJDK 64-Bit Server VM (24.95-b01 mixed mode linux-amd64 compressed oops)
Heap
 PSYoungGen      total 244224K, used 0K [0x00000000eaa80000, 0x00000000ffe80000, 0x0000000100000000)
  eden space 145408K, 0% used [0x00000000eaa80000,0x00000000eaa80000,0x00000000f3880000)
  from space 98816K, 0% used [0x00000000f3880000,0x00000000f3880000,0x00000000f9900000)
  to   space 95744K, 0% used [0x00000000fa100000,0x00000000fa100000,0x00000000ffe80000)
 ParOldGen       total 260096K, used 229585K [0x00000000c0000000, 0x00000000cfe00000, 0x00000000eaa80000)
  object space 260096K, 88% used [0x00000000c0000000,0x00000000ce0344b0,0x00000000cfe00000)
 PSPermGen       total 21504K, used 5993K [0x00000000b5a00000, 0x00000000b6f00000, 0x00000000c0000000)
  object space 21504K, 27% used [0x00000000b5a00000,0x00000000b5fda650,0x00000000b6f00000)
GC Heap History (10 events):
Event: 116.157 GC heap after
Heap after GC invocations=24 (full 4):
 PSYoungGen      total 232448K, used 85514K [0x00000000eaa80000, 0x0000000100000000, 0x0000000100000000)
  eden space 142848K, 0% used [0x00000000eaa80000,0x00000000eaa80000,0x00000000f3600000)
  from space 89600K, 95% used [0x00000000fa880000,0x00000000ffc029a0,0x0000000100000000)
  to   space 103424K, 0% used [0x00000000f3600000,0x00000000f3600000,0x00000000f9b00000)
 ParOldGen       total 171008K, used 140437K [0x00000000c0000000, 0x00000000ca700000, 0x00000000eaa80000)
  object space 171008K, 82% used [0x00000000c0000000,0x00000000c8925428,0x00000000ca700000)
 PSPermGen       total 21504K, used 5985K [0x00000000b5a00000, 0x00000000b6f00000, 0x00000000c0000000)
  object space 21504K, 27% used [0x00000000b5a00000,0x00000000b5fd8698,0x00000000b6f00000)
}
Event: 116.930 GC heap before
{Heap before GC invocations=25 (full 4):
 PSYoungGen      total 232448K, used 228362K [0x00000000eaa80000, 0x0000000100000000, 0x0000000100000000)
  eden space 142848K, 100% used [0x00000000eaa80000,0x00000000f3600000,0x00000000f3600000)
  from space 89600K, 95% used [0x00000000fa880000,0x00000000ffc029a0,0x0000000100000000)
  to   space 103424K, 0% used [0x00000000f3600000,0x00000000f3600000,0x00000000f9b00000)
 ParOldGen       total 171008K, used 140437K [0x00000000c0000000, 0x00000000ca700000, 0x00000000eaa80000)
  object space 171008K, 82% used [0x00000000c0000000,0x00000000c8925428,0x00000000ca700000)
 PSPermGen       total 21504K, used 5989K [0x00000000b5a00000, 0x00000000b6f00000, 0x00000000c0000000)
  object space 21504K, 27% used [0x00000000b5a00000,0x00000000b5fd9480,0x00000000b6f00000)
Event: 117.806 GC heap after
Heap after GC invocations=25 (full 4):
 PSYoungGen      total 246272K, used 50467K [0x00000000eaa80000, 0x0000000100000000, 0x0000000100000000)
  eden space 142848K, 0% used [0x00000000eaa80000,0x00000000eaa80000,0x00000000f3600000)
  from space 103424K, 48% used [0x00000000f3600000,0x00000000f6748e60,0x00000000f9b00000)
  to   space 100864K, 0% used [0x00000000f9d80000,0x00000000f9d80000,0x0000000100000000)
 ParOldGen       total 183808K, used 182568K [0x00000000c0000000, 0x00000000cb380000, 0x00000000eaa80000)
  object space 183808K, 99% used [0x00000000c0000000,0x00000000cb24a268,0x00000000cb380000)
 PSPermGen       total 21504K, used 5989K [0x00000000b5a00000, 0x00000000b6f00000, 0x00000000c0000000)
  object space 21504K, 27% used [0x00000000b5a00000,0x00000000b5fd9480,0x00000000b6f00000)
}
Event: 117.807 GC heap before
{Heap before GC invocations=26 (full 5):
 PSYoungGen      total 246272K, used 50467K [0x00000000eaa80000, 0x0000000100000000, 0x0000000100000000)
  eden space 142848K, 0% used [0x00000000eaa80000,0x00000000eaa80000,0x00000000f3600000)
  from space 103424K, 48% used [0x00000000f3600000,0x00000000f6748e60,0x00000000f9b00000)
  to   space 100864K, 0% used [0x00000000f9d80000,0x00000000f9d80000,0x0000000100000000)
 ParOldGen       total 183808K, used 182568K [0x00000000c0000000, 0x00000000cb380000, 0x00000000eaa80000)
  object space 183808K, 99% used [0x00000000c0000000,0x00000000cb24a268,0x00000000cb380000)
 PSPermGen       total 21504K, used 5989K [0x00000000b5a00000, 0x00000000b6f00000, 0x00000000c0000000)
  object space 21504K, 27% used [0x00000000b5a00000,0x00000000b5fd9480,0x00000000b6f00000)
Event: 123.352 GC heap after
Heap after GC invocations=26 (full 5):
 PSYoungGen      total 246272K, used 27789K [0x00000000eaa80000, 0x0000000100000000, 0x0000000100000000)
  eden space 142848K, 0% used [0x00000000eaa80000,0x00000000eaa80000,0x00000000f3600000)
  from space 103424K, 26% used [0x00000000f3600000,0x00000000f51236b8,0x00000000f9b00000)
  to   space 100864K, 0% used [0x00000000f9d80000,0x00000000f9d80000,0x0000000100000000)
 ParOldGen       total 260096K, used 183436K [0x00000000c0000000, 0x00000000cfe00000, 0x00000000eaa80000)
  object space 260096K, 70% used [0x00000000c0000000,0x00000000cb3230a0,0x00000000cfe00000)
 PSPermGen       total 21504K, used 5988K [0x00000000b5a00000, 0x00000000b6f00000, 0x00000000c0000000)
  object space 21504K, 27% used [0x00000000b5a00000,0x00000000b5fd9380,0x00000000b6f00000)
}
Event: 130.841 GC heap before
{Heap before GC invocations=27 (full 5):
 PSYoungGen      total 246272K, used 170637K [0x00000000eaa80000, 0x0000000100000000, 0x0000000100000000)
  eden space 142848K, 100% used [0x00000000eaa80000,0x00000000f3600000,0x00000000f3600000)
  from space 103424K, 26% used [0x00000000f3600000,0x00000000f51236b8,0x00000000f9b00000)
  to   space 100864K, 0% used [0x00000000f9d80000,0x00000000f9d80000,0x0000000100000000)
 ParOldGen       total 260096K, used 183436K [0x00000000c0000000, 0x00000000cfe00000, 0x00000000eaa80000)
  object space 260096K, 70% used [0x00000000c0000000,0x00000000cb3230a0,0x00000000cfe00000)
 PSPermGen       total 21504K, used 5991K [0x00000000b5a00000, 0x00000000b6f00000, 0x00000000c0000000)
  object space 21504K, 27% used [0x00000000b5a00000,0x00000000b5fd9dc0,0x00000000b6f00000)
Event: 131.699 GC heap after
Heap after GC invocations=27 (full 5):
 PSYoungGen      total 239616K, used 19335K [0x00000000eaa80000, 0x00000000ff980000, 0x0000000100000000)
  eden space 145408K, 0% used [0x00000000eaa80000,0x00000000eaa80000,0x00000000f3880000)
  from space 94208K, 20% used [0x00000000f9d80000,0x00000000fb061ed8,0x00000000ff980000)
  to   space 98816K, 0% used [0x00000000f3880000,0x00000000f3880000,0x00000000f9900000)
 ParOldGen       total 260096K, used 210751K [0x00000000c0000000, 0x00000000cfe00000, 0x00000000eaa80000)
  object space 260096K, 81% used [0x00000000c0000000,0x00000000ccdcfe38,0x00000000cfe00000)
 PSPermGen       total 21504K, used 5991K [0x00000000b5a00000, 0x00000000b6f00000, 0x00000000c0000000)
  object space 21504K, 27% used [0x00000000b5a00000,0x00000000b5fd9dc0,0x00000000b6f00000)
}
Event: 133.342 GC heap before
{Heap before GC invocations=28 (full 5):
 PSYoungGen      total 239616K, used 164743K [0x00000000eaa80000, 0x00000000ff980000, 0x0000000100000000)
  eden space 145408K, 100% used [0x00000000eaa80000,0x00000000f3880000,0x00000000f3880000)
  from space 94208K, 20% used [0x00000000f9d80000,0x00000000fb061ed8,0x00000000ff980000)
  to   space 98816K, 0% used [0x00000000f3880000,0x00000000f3880000,0x00000000f9900000)
 ParOldGen       total 260096K, used 210751K [0x00000000c0000000, 0x00000000cfe00000, 0x00000000eaa80000)
  object space 260096K, 81% used [0x00000000c0000000,0x00000000ccdcfe38,0x00000000cfe00000)
 PSPermGen       total 21504K, used 5993K [0x00000000b5a00000, 0x00000000b6f00000, 0x00000000c0000000)
  object space 21504K, 27% used [0x00000000b5a00000,0x00000000b5fda670,0x00000000b6f00000)
Event: 133.761 GC heap after
Heap after GC invocations=28 (full 5):
 PSYoungGen      total 244224K, used 23172K [0x00000000eaa80000, 0x00000000ffe80000, 0x0000000100000000)
  eden space 145408K, 0% used [0x00000000eaa80000,0x00000000eaa80000,0x00000000f3880000)
  from space 98816K, 23% used [0x00000000f3880000,0x00000000f4f211e8,0x00000000f9900000)
  to   space 95744K, 0% used [0x00000000fa100000,0x00000000fa100000,0x00000000ffe80000)
 ParOldGen       total 260096K, used 224956K [0x00000000c0000000, 0x00000000cfe00000, 0x00000000eaa80000)
  object space 260096K, 86% used [0x00000000c0000000,0x00000000cdbaf318,0x00000000cfe00000)
 PSPermGen       total 21504K, used 5993K [0x00000000b5a00000, 0x00000000b6f00000, 0x00000000c0000000)
  object space 21504K, 27% used [0x00000000b5a00000,0x00000000b5fda670,0x00000000b6f00000)
}
Event: 133.762 GC heap before
{Heap before GC invocations=29 (full 6):
 PSYoungGen      total 244224K, used 23172K [0x00000000eaa80000, 0x00000000ffe80000, 0x0000000100000000)
  eden space 145408K, 0% used [0x00000000eaa80000,0x00000000eaa80000,0x00000000f3880000)
  from space 98816K, 23% used [0x00000000f3880000,0x00000000f4f211e8,0x00000000f9900000)
  to   space 95744K, 0% used [0x00000000fa100000,0x00000000fa100000,0x00000000ffe80000)
 ParOldGen       total 260096K, used 224956K [0x00000000c0000000, 0x00000000cfe00000, 0x00000000eaa80000)
  object space 260096K, 86% used [0x00000000c0000000,0x00000000cdbaf318,0x00000000cfe00000)
 PSPermGen       total 21504K, used 5993K [0x00000000b5a00000, 0x00000000b6f00000, 0x00000000c0000000)
  object space 21504K, 27% used [0x00000000b5a00000,0x00000000b5fda670,0x00000000b6f00000)

